<?xml version="1.0" encoding="UTF-8"?>
<!-- Generated by org.testng.reporters.JUnitReportReporter -->
<testsuite hostname="ABC-PC" failures="0" tests="1" name="execution.ExecutionTest" time="2.647" errors="0" timestamp="2020-08-30T20:13:22 IST" skipped="0">
  <testcase classname="execution.ExecutionTest" name="fillForm" time="2.647"/>
  <system-out/>
</testsuite> <!-- execution.ExecutionTest -->
